-------------------------------------------------------------------------------
Test set: testrunner.TestRunner
-------------------------------------------------------------------------------
Tests run: 4, Failures: 0, Errors: 4, Skipped: 0, Time elapsed: 2.181 s <<< FAILURE! - in testrunner.TestRunner
Check previous order details(Amazon order Page)  Time elapsed: 0.5 s  <<< ERROR!
io.cucumber.junit.UndefinedStepException: 
The step 'a registered user exists' and 7 other step(s) are undefined.
You can implement these steps using the snippet(s) below:

@Given("a registered user exists")
public void a_registered_user_exists() {
    // Write code here that turns the phrase above into concrete actions
    throw new io.cucumber.java.PendingException();
}
@Given("user is on Amazon login page")
public void user_is_on_amazon_login_page() {
    // Write code here that turns the phrase above into concrete actions
    throw new io.cucumber.java.PendingException();
}
@When("user enters username")
public void user_enters_username() {
    // Write code here that turns the phrase above into concrete actions
    throw new io.cucumber.java.PendingException();
}
@When("user enters password")
public void user_enters_password() {
    // Write code here that turns the phrase above into concrete actions
    throw new io.cucumber.java.PendingException();
}
@When("user clicks on login button")
public void user_clicks_on_login_button() {
    // Write code here that turns the phrase above into concrete actions
    throw new io.cucumber.java.PendingException();
}
@Then("user navigate to order page")
public void user_navigate_to_order_page() {
    // Write code here that turns the phrase above into concrete actions
    throw new io.cucumber.java.PendingException();
}
@When("user clicks on order link")
public void user_clicks_on_order_link() {
    // Write code here that turns the phrase above into concrete actions
    throw new io.cucumber.java.PendingException();
}
@Then("user checks the previous order details")
public void user_checks_the_previous_order_details() {
    // Write code here that turns the phrase above into concrete actions
    throw new io.cucumber.java.PendingException();
}


Check Open order details(Amazon order Page)  Time elapsed: 0.04 s  <<< ERROR!
io.cucumber.junit.UndefinedStepException: 
The step 'a registered user exists' and 7 other step(s) are undefined.
You can implement these steps using the snippet(s) below:

@Given("a registered user exists")
public void a_registered_user_exists() {
    // Write code here that turns the phrase above into concrete actions
    throw new io.cucumber.java.PendingException();
}
@Given("user is on Amazon login page")
public void user_is_on_amazon_login_page() {
    // Write code here that turns the phrase above into concrete actions
    throw new io.cucumber.java.PendingException();
}
@When("user enters username")
public void user_enters_username() {
    // Write code here that turns the phrase above into concrete actions
    throw new io.cucumber.java.PendingException();
}
@When("user enters password")
public void user_enters_password() {
    // Write code here that turns the phrase above into concrete actions
    throw new io.cucumber.java.PendingException();
}
@When("user clicks on login button")
public void user_clicks_on_login_button() {
    // Write code here that turns the phrase above into concrete actions
    throw new io.cucumber.java.PendingException();
}
@Then("user navigate to order page")
public void user_navigate_to_order_page() {
    // Write code here that turns the phrase above into concrete actions
    throw new io.cucumber.java.PendingException();
}
@When("user clicks on Open order link")
public void user_clicks_on_open_order_link() {
    // Write code here that turns the phrase above into concrete actions
    throw new io.cucumber.java.PendingException();
}
@Then("user checks the Open order details")
public void user_checks_the_open_order_details() {
    // Write code here that turns the phrase above into concrete actions
    throw new io.cucumber.java.PendingException();
}


Check Cancelled order details(Amazon order Page)  Time elapsed: 0.098 s  <<< ERROR!
io.cucumber.junit.UndefinedStepException: 
The step 'a registered user exists' and 7 other step(s) are undefined.
You can implement these steps using the snippet(s) below:

@Given("a registered user exists")
public void a_registered_user_exists() {
    // Write code here that turns the phrase above into concrete actions
    throw new io.cucumber.java.PendingException();
}
@Given("user is on Amazon login page")
public void user_is_on_amazon_login_page() {
    // Write code here that turns the phrase above into concrete actions
    throw new io.cucumber.java.PendingException();
}
@When("user enters username")
public void user_enters_username() {
    // Write code here that turns the phrase above into concrete actions
    throw new io.cucumber.java.PendingException();
}
@When("user enters password")
public void user_enters_password() {
    // Write code here that turns the phrase above into concrete actions
    throw new io.cucumber.java.PendingException();
}
@When("user clicks on login button")
public void user_clicks_on_login_button() {
    // Write code here that turns the phrase above into concrete actions
    throw new io.cucumber.java.PendingException();
}
@Then("user navigate to order page")
public void user_navigate_to_order_page() {
    // Write code here that turns the phrase above into concrete actions
    throw new io.cucumber.java.PendingException();
}
@When("user clicks on Cancelled order")
public void user_clicks_on_cancelled_order() {
    // Write code here that turns the phrase above into concrete actions
    throw new io.cucumber.java.PendingException();
}
@Then("user checks the Cancelled order details")
public void user_checks_the_cancelled_order_details() {
    // Write code here that turns the phrase above into concrete actions
    throw new io.cucumber.java.PendingException();
}


Verification of Reset button(Reset functionality on login page of Application)  Time elapsed: 0.003 s  <<< ERROR!
io.cucumber.junit.UndefinedStepException: 
The step 'Open the Firefox and launch the application' and 2 other step(s) are undefined.
You can implement these steps using the snippet(s) below:

@Given("Open the Firefox and launch the application")
public void open_the_firefox_and_launch_the_application() {
    // Write code here that turns the phrase above into concrete actions
    throw new io.cucumber.java.PendingException();
}
@When("Enter the Username and Password")
public void enter_the_username_and_password() {
    // Write code here that turns the phrase above into concrete actions
    throw new io.cucumber.java.PendingException();
}
@Then("Reset the credential")
public void reset_the_credential() {
    // Write code here that turns the phrase above into concrete actions
    throw new io.cucumber.java.PendingException();
}


